# Logfile is kept for development purpose
2020-01-07 22:30 : hallo
2020-01-07 22:30 : test
2020-01-07 22:31:28 : test
2020-01-07 22:31:34 : lolli
2020-01-07 22:32:54 : gold
2020-01-08 01:33:53 : LR,0505,13,01FFFF05050100Hello
2020-01-08 01:36:43 : LR,0505,13,01FFFF05050100Hello
2020-01-08 01:39:06 : LR,0505,13,01FFFF05050100Hello
2020-01-08 01:42:56 : ValueError: invalid literal for int() with base 10: ''
2020-01-08 01:43:35 : LR,0505,13,01FFFF05050100Hello
2020-01-08 01:46:09 : LR,0505,13,01FFFF05050100Hello
2020-01-08 01:49:03 : LR,0505,13,01FFFF05050100Hello
2020-01-08 01:52:17 : LR,0505,13,01FFFF05050100Hello
2020-01-08 01:53:09 : LR,0505,13,01FFFF05050100Hello
2020-01-08 01:54:07 : LR,0505,13,01FFFF05050100Hello
2020-01-08 01:55:15 : LR,0505,13,01FFFF05050100Hello
2020-01-08 01:56:48 : LR,0505,13,01FFFF05050100Hello
2020-01-08 01:57:52 : LR,0505,13,01FFFF05050100Hello
2020-01-08 02:03:30 : LR,0505,13,01FFFF05050100Hello
2020-01-08 02:08:36 : LR,0505,13,01FFFF05050100Hello
2020-01-08 02:10:32 : LR,0505,13,01FFFF05050100Hello
2020-01-08 02:10:57 : LR,0505,13,01FFFF05050100Hello
2020-01-08 02:11:49 : LR,0505,13,01FFFF05050100Hello
2020-01-08 02:16:20 : LR,0505,13,01FFFF05050100Hello
2020-01-08 03:55:53 : LR,0505,13,02FFFF05050100444455666677
2020-01-08 03:58:56 : LR,0505,13,02FFFF05050100444455666677
2020-01-08 04:00:40 : LR,0505,13,02FFFF05050100444455666677
2020-01-08 04:02:27 : LR,0505,13,01FFFF05050100Hello
2020-01-08 04:15:30 : LR,0505,13,01FFFF05050100Hello
2020-01-08 04:15:39 : LR,0505,13,02FFFF05050100444455666677
2020-01-08 04:17:41 : LR,0505,13,01FFFF05050100Hello
2020-01-08 04:17:45 : LR,0505,13,02FFFF05050100444455666677
2020-01-08 04:22:08 : LR,0505,13,01FFFF05050100Hello
2020-01-08 04:28:21 : LR,0505,13,01FFFF05050100Hello
2020-01-08 04:32:09 : LR,0505,13,01FFFF05050100Hello
2020-01-08 04:32:14 : LR,0505,13,00001505050100Hallohallohallo
2020-01-08 04:47:11 : LR,0505,13,01FFFF05050100Hello
2020-01-08 04:50:40 : LR,0505,13,01FFFF05050100Hello
2020-01-08 05:00:47 : LR,0505,13,01FFFF05050100Hello
2020-01-08 05:04:27 : LR,0505,13,01FFFF05050100Hello
2020-01-08 05:04:28 : LR,0505,13,00001505050100Hallohallohallo
